# JRE version: OpenJDK Runtime Environment Temurin-21.0.4+7 (21.0.4+7) (build 21.0.4+7-LTS)
# Java VM: OpenJDK 64-Bit Server VM Temurin-21.0.4+7 (21.0.4+7-LTS, mixed mode, sharing, tiered, compressed oops, compressed class ptrs, g1 gc, windows-amd64)
GC Precious Log:
 CardTable entry size: 512
 Card Set container configuration: InlinePtr #cards 5 size 8 Array Of Cards #cards 12 size 40 Howl #buckets 4 coarsen threshold 1843 Howl Bitmap #cards 512 size 80 coarsen threshold 460 Card regions per heap region 1 cards per card region 2048
 CPUs: 6 total, 6 available
 Memory: 6365M
 Large Page Support: Disabled
 NUMA Support: Disabled
 Compressed Oops: Enabled (32-bit)
 Heap Region Size: 1M
 Heap Min Capacity: 8M
 Heap Initial Capacity: 100M
 Heap Max Capacity: 1592M
 Pre-touch: Disabled
 Parallel Workers: 6
 Concurrent Workers: 2
 Concurrent Refinement Workers: 6
 Periodic GC: Disabled
Heap:
 garbage-first heap   total 51200K, used 30335K [0x000000009c800000, 0x0000000100000000)
  region size 1024K, 5 young (5120K), 2 survivors (2048K)
 Metaspace       used 62147K, committed 62784K, reserved 1114112K
  class space    used 8597K, committed 8896K, reserved 1048576K
GC Heap History (20 events):
Event: 11.573 GC heap before
{Heap before GC invocations=16 (full 0):
 garbage-first heap   total 48128K, used 43622K [0x000000009c800000, 0x0000000100000000)
  region size 1024K, 28 young (28672K), 1 survivors (1024K)
 Metaspace       used 28619K, committed 29120K, reserved 1114112K
  class space    used 3466K, committed 3712K, reserved 1048576K
}
Event: 11.579 GC heap after
{Heap after GC invocations=17 (full 0):
 garbage-first heap   total 48128K, used 18551K [0x000000009c800000, 0x0000000100000000)
  region size 1024K, 4 young (4096K), 4 survivors (4096K)
 Metaspace       used 28619K, committed 29120K, reserved 1114112K
  class space    used 3466K, committed 3712K, reserved 1048576K
}
Event: 12.267 GC heap before
{Heap before GC invocations=17 (full 0):
 garbage-first heap   total 48128K, used 40055K [0x000000009c800000, 0x0000000100000000)
  region size 1024K, 25 young (25600K), 4 survivors (4096K)
 Metaspace       used 31092K, committed 31616K, reserved 1114112K
  class space    used 3875K, committed 4096K, reserved 1048576K
}
Event: 12.275 GC heap after
{Heap after GC invocations=18 (full 0):
 garbage-first heap   total 48128K, used 20714K [0x000000009c800000, 0x0000000100000000)
  region size 1024K, 3 young (3072K), 3 survivors (3072K)
 Metaspace       used 31092K, committed 31616K, reserved 1114112K
  class space    used 3875K, committed 4096K, reserved 1048576K
}
Event: 13.091 GC heap before
{Heap before GC invocations=18 (full 0):
 garbage-first heap   total 48128K, used 38122K [0x000000009c800000, 0x0000000100000000)
  region size 1024K, 22 young (22528K), 3 survivors (3072K)
 Metaspace       used 35781K, committed 36288K, reserved 1114112K
  class space    used 4533K, committed 4736K, reserved 1048576K
}
Event: 13.096 GC heap after
{Heap after GC invocations=19 (full 0):
 garbage-first heap   total 48128K, used 22150K [0x000000009c800000, 0x0000000100000000)
  region size 1024K, 2 young (2048K), 2 survivors (2048K)
 Metaspace       used 35781K, committed 36288K, reserved 1114112K
  class space    used 4533K, committed 4736K, reserved 1048576K
}
Event: 14.871 GC heap before
{Heap before GC invocations=20 (full 0):
 garbage-first heap   total 48128K, used 40582K [0x000000009c800000, 0x0000000100000000)
  region size 1024K, 21 young (21504K), 2 survivors (2048K)
 Metaspace       used 41359K, committed 41920K, reserved 1114112K
  class space    used 5318K, committed 5568K, reserved 1048576K
}
Event: 14.876 GC heap after
{Heap after GC invocations=21 (full 0):
 garbage-first heap   total 48128K, used 23137K [0x000000009c800000, 0x0000000100000000)
  region size 1024K, 3 young (3072K), 3 survivors (3072K)
 Metaspace       used 41359K, committed 41920K, reserved 1114112K
  class space    used 5318K, committed 5568K, reserved 1048576K
}
Event: 15.545 GC heap before
{Heap before GC invocations=21 (full 0):
 garbage-first heap   total 48128K, used 40545K [0x000000009c800000, 0x0000000100000000)
  region size 1024K, 20 young (20480K), 3 survivors (3072K)
 Metaspace       used 46009K, committed 46528K, reserved 1114112K
  class space    used 5895K, committed 6144K, reserved 1048576K
}
Event: 15.551 GC heap after
{Heap after GC invocations=22 (full 0):
 garbage-first heap   total 48128K, used 23949K [0x000000009c800000, 0x0000000100000000)
  region size 1024K, 3 young (3072K), 3 survivors (3072K)
 Metaspace       used 46009K, committed 46528K, reserved 1114112K
  class space    used 5895K, committed 6144K, reserved 1048576K
}
Event: 16.170 GC heap before
{Heap before GC invocations=22 (full 0):
 garbage-first heap   total 48128K, used 40333K [0x000000009c800000, 0x0000000100000000)
  region size 1024K, 20 young (20480K), 3 survivors (3072K)
 Metaspace       used 50961K, committed 51456K, reserved 1114112K
  class space    used 6793K, committed 7040K, reserved 1048576K
}
Event: 16.176 GC heap after
{Heap after GC invocations=23 (full 0):
 garbage-first heap   total 48128K, used 24797K [0x000000009c800000, 0x0000000100000000)
  region size 1024K, 2 young (2048K), 2 survivors (2048K)
 Metaspace       used 50961K, committed 51456K, reserved 1114112K
  class space    used 6793K, committed 7040K, reserved 1048576K
}
Event: 16.757 GC heap before
{Heap before GC invocations=23 (full 0):
 garbage-first heap   total 48128K, used 42205K [0x000000009c800000, 0x0000000100000000)
  region size 1024K, 19 young (19456K), 2 survivors (2048K)
 Metaspace       used 54974K, committed 55616K, reserved 1114112K
  class space    used 7400K, committed 7680K, reserved 1048576K
}
Event: 16.762 GC heap after
{Heap after GC invocations=24 (full 0):
 garbage-first heap   total 48128K, used 25654K [0x000000009c800000, 0x0000000100000000)
  region size 1024K, 2 young (2048K), 2 survivors (2048K)
 Metaspace       used 54974K, committed 55616K, reserved 1114112K
  class space    used 7400K, committed 7680K, reserved 1048576K
}
Event: 17.250 GC heap before
{Heap before GC invocations=25 (full 0):
 garbage-first heap   total 48128K, used 42038K [0x000000009c800000, 0x0000000100000000)
  region size 1024K, 18 young (18432K), 2 survivors (2048K)
 Metaspace       used 57130K, committed 57792K, reserved 1114112K
  class space    used 7712K, committed 8000K, reserved 1048576K
}
Event: 17.256 GC heap after
{Heap after GC invocations=26 (full 0):
 garbage-first heap   total 48128K, used 27053K [0x000000009c800000, 0x0000000100000000)
  region size 1024K, 3 young (3072K), 3 survivors (3072K)
 Metaspace       used 57130K, committed 57792K, reserved 1114112K
  class space    used 7712K, committed 8000K, reserved 1048576K
}
Event: 17.656 GC heap before
{Heap before GC invocations=26 (full 0):
 garbage-first heap   total 48128K, used 41389K [0x000000009c800000, 0x0000000100000000)
  region size 1024K, 17 young (17408K), 3 survivors (3072K)
 Metaspace       used 59289K, committed 59904K, reserved 1114112K
  class space    used 8098K, committed 8384K, reserved 1048576K
}
Event: 17.663 GC heap after
{Heap after GC invocations=27 (full 0):
 garbage-first heap   total 48128K, used 28056K [0x000000009c800000, 0x0000000100000000)
  region size 1024K, 3 young (3072K), 3 survivors (3072K)
 Metaspace       used 59289K, committed 59904K, reserved 1114112K
  class space    used 8098K, committed 8384K, reserved 1048576K
}
Event: 17.954 GC heap before
{Heap before GC invocations=27 (full 0):
 garbage-first heap   total 48128K, used 41368K [0x000000009c800000, 0x0000000100000000)
  region size 1024K, 16 young (16384K), 3 survivors (3072K)
 Metaspace       used 61196K, committed 61760K, reserved 1114112K
  class space    used 8445K, committed 8704K, reserved 1048576K
}
Event: 17.960 GC heap after
{Heap after GC invocations=28 (full 0):
 garbage-first heap   total 48128K, used 29311K [0x000000009c800000, 0x0000000100000000)
  region size 1024K, 2 young (2048K), 2 survivors (2048K)
 Metaspace       used 61196K, committed 61760K, reserved 1114112K
  class space    used 8445K, committed 8704K, reserved 1048576K
}

